<?xml version="1.0" encoding="UTF-8"?>
<!-- Generated by org.testng.reporters.JUnitXMLReporter -->
<testsuite ignored="0" hostname="TYSS-Sneha" failures="0" tests="3" name="Test-2" time="103.281" errors="0" timestamp="2024-07-12T13:17:21 IST">
  <testcase classname="contactTes_BaseClass.CreateContactTest" name="createConTest" time="23.163"/>
  <testcase classname="contactTes_BaseClass.CreateContactTest" name="createConWithSupportDate" time="18.943"/>
  <testcase classname="contactTes_BaseClass.CreateContactTest" name="createContactWithOrgTest" time="31.736"/>
</testsuite> <!-- Test-2 -->
