<?xml version="1.0" encoding="UTF-8"?>
<!-- Generated by org.testng.reporters.JUnitReportReporter -->
<testsuite hostname="TYSS-Sneha" failures="0" tests="3" name="contactTes_BaseClass.CreateContactTest" time="89.047" errors="0" timestamp="2024-07-12T13:34:27 IST" skipped="0">
  <testcase classname="contactTes_BaseClass.CreateContactTest" name="createConWithSupportDate" time="23.389"/>
  <system-out/>
  <testcase classname="contactTes_BaseClass.CreateContactTest" name="createConTest" time="30.399"/>
  <system-out/>
  <testcase classname="contactTes_BaseClass.CreateContactTest" name="createContactWithOrgTest" time="35.259"/>
  <system-out/>
</testsuite> <!-- contactTes_BaseClass.CreateContactTest -->
