<?xml version="1.0" encoding="UTF-8"?>
<!-- Generated by org.testng.reporters.JUnitReportReporter -->
<testsuite hostname="TYSS-Sneha" failures="0" tests="3" name="programsUsingTestNg.ToGetDataFromExcel_DP" time="31.040" errors="0" timestamp="2024-07-08T11:10:48 IST" skipped="0">
  <testcase classname="programsUsingTestNg.ToGetDataFromExcel_DP" name="getProductInfo" time="11.108"/>
  <system-out/>
  <testcase classname="programsUsingTestNg.ToGetDataFromExcel_DP" name="getProductInfo" time="9.302"/>
  <system-out/>
  <testcase classname="programsUsingTestNg.ToGetDataFromExcel_DP" name="getProductInfo" time="10.630"/>
  <system-out/>
</testsuite> <!-- programsUsingTestNg.ToGetDataFromExcel_DP -->
