<?xml version="1.0" encoding="UTF-8"?>
<!-- Generated by org.testng.reporters.JUnitReportReporter -->
<testsuite hostname="TYSS-Sneha" failures="0" tests="1" name="xmlFile_DDT.createOrgTest_XML" time="12.325" errors="0" timestamp="26 Jun 2024 05:19:39 GMT" skipped="0">
  <testcase classname="xmlFile_DDT.createOrgTest_XML" name="sampleTest" time="12.325"/>
</testsuite> <!-- xmlFile_DDT.createOrgTest_XML -->
