<?xml version="1.0" encoding="UTF-8"?>
<!-- Generated by org.testng.reporters.JUnitReportReporter -->
<testsuite hostname="TYSS-Sneha" failures="0" tests="1" name="generic.ObjectRepository.SampleTestWithPOM" time="8.909" errors="0" timestamp="2024-07-03T18:20:06 IST" skipped="0">
  <testcase classname="generic.ObjectRepository.SampleTestWithPOM" name="sampleTest" time="8.909"/>
  <system-out/>
</testsuite> <!-- generic.ObjectRepository.SampleTestWithPOM -->
