<?xml version="1.0" encoding="UTF-8"?>
<!-- Generated by org.testng.reporters.JUnitReportReporter -->
<testsuite hostname="TYSS-Sneha" failures="0" tests="3" name="programsUsingTestNg.ToWorkWithDataProvider" time="0.032" errors="0" timestamp="2024-07-08T10:07:07 IST" skipped="0">
  <testcase classname="programsUsingTestNg.ToWorkWithDataProvider" name="createContactTest" time="0.003"/>
  <system-out/>
  <testcase classname="programsUsingTestNg.ToWorkWithDataProvider" name="createContactTest" time="0.003"/>
  <system-out/>
  <testcase classname="programsUsingTestNg.ToWorkWithDataProvider" name="createContactTest" time="0.026"/>
  <system-out/>
</testsuite> <!-- programsUsingTestNg.ToWorkWithDataProvider -->
