<?xml version="1.0" encoding="UTF-8"?>
<!-- Generated by org.testng.reporters.JUnitReportReporter -->
<testsuite hostname="TYSS-Sneha" failures="0" tests="1" name="Reports.ToWorkWithReporterLog" time="0.018" errors="0" timestamp="2024-07-09T23:09:48 IST" skipped="0">
  <testcase classname="Reports.ToWorkWithReporterLog" name="homePageTest" time="0.018"/>
  <system-out>
    <![CDATA[Test Start
Step-1
Step-2
Step-3
Step-4
Step-5]]>
  </system-out>
</testsuite> <!-- Reports.ToWorkWithReporterLog -->
