<?xml version="1.0" encoding="UTF-8"?>
<!-- Generated by org.testng.reporters.JUnitReportReporter -->
<testsuite hostname="TYSS-Sneha" failures="0" tests="1" name="databaseConnection_DDT.SampleUnitTestToCheckProjectInBackend" time="0.614" errors="0" timestamp="26 Jun 2024 06:57:16 GMT" skipped="0">
  <testcase classname="databaseConnection_DDT.SampleUnitTestToCheckProjectInBackend" name="projectCheckTest" time="0.614"/>
</testsuite> <!-- databaseConnection_DDT.SampleUnitTestToCheckProjectInBackend -->
