<?xml version="1.0" encoding="UTF-8"?>
<!-- Generated by org.testng.reporters.JUnitReportReporter -->
<testsuite hostname="TYSS-Sneha" failures="0" tests="3" name="programsUsingTestNg.ToWorkWithDependsOnMethods" time="0.012" errors="0" timestamp="2024-07-06T22:01:39 IST" skipped="0">
  <testcase classname="programsUsingTestNg.ToWorkWithDependsOnMethods" name="modifyContactTest" time="0.001"/>
  <system-out/>
  <testcase classname="programsUsingTestNg.ToWorkWithDependsOnMethods" name="createContactTest" time="0.010"/>
  <system-out/>
  <testcase classname="programsUsingTestNg.ToWorkWithDependsOnMethods" name="deleteContactTest" time="0.001"/>
  <system-out/>
</testsuite> <!-- programsUsingTestNg.ToWorkWithDependsOnMethods -->
