<?xml version="1.0" encoding="UTF-8"?>
<!-- Generated by org.testng.reporters.JUnitReportReporter -->
<testsuite hostname="TYSS-Sneha" failures="0" tests="11" name="programsUsingTestNg.ToWorkWithInvocationCount" time="0.022" errors="0" timestamp="2024-07-06T22:05:39 IST" skipped="1">
  <testcase classname="programsUsingTestNg.ToWorkWithInvocationCount" name="createOrderTest" time="0.001"/>
  <system-out/>
  <testcase classname="programsUsingTestNg.ToWorkWithInvocationCount" name="createOrderTest" time="0.000"/>
  <system-out/>
  <testcase classname="programsUsingTestNg.ToWorkWithInvocationCount" name="createOrderTest" time="0.001"/>
  <system-out/>
  <testcase classname="programsUsingTestNg.ToWorkWithInvocationCount" name="createOrderTest" time="0.002"/>
  <system-out/>
  <testcase classname="programsUsingTestNg.ToWorkWithInvocationCount" name="createOrderTest" time="0.002"/>
  <system-out/>
  <testcase classname="programsUsingTestNg.ToWorkWithInvocationCount" name="createOrderTest" time="0.001"/>
  <system-out/>
  <testcase classname="programsUsingTestNg.ToWorkWithInvocationCount" name="createOrderTest" time="0.001"/>
  <system-out/>
  <testcase classname="programsUsingTestNg.ToWorkWithInvocationCount" name="createOrderTest" time="0.001"/>
  <system-out/>
  <testcase classname="programsUsingTestNg.ToWorkWithInvocationCount" name="createOrderTest" time="0.001"/>
  <system-out/>
  <testcase classname="programsUsingTestNg.ToWorkWithInvocationCount" name="createOrderTest" time="0.012"/>
  <system-out/>
  <testcase classname="programsUsingTestNg.ToWorkWithInvocationCount" name="billingOrderTest">
    <skipped/>
  </testcase> <!-- billingOrderTest -->
  <system-out/>
</testsuite> <!-- programsUsingTestNg.ToWorkWithInvocationCount -->
