<?xml version="1.0" encoding="UTF-8"?>
<!-- Generated by org.testng.reporters.JUnitReportReporter -->
<testsuite hostname="TYSS-Sneha" failures="0" tests="1" name="extentReports.SampleReport_ListenerTest" time="4.928" errors="0" timestamp="2024-07-12T10:15:24 IST" skipped="0">
  <testcase classname="extentReports.SampleReport_ListenerTest" name="createContactTest" time="4.928"/>
  <system-out/>
</testsuite> <!-- extentReports.SampleReport_ListenerTest -->
