<?xml version="1.0" encoding="UTF-8"?>
<!-- Generated by org.testng.reporters.JUnitReportReporter -->
<testsuite hostname="TYSS-Sneha" failures="0" tests="1" name="screenshots.SampleTestForScreenShot" time="18.992" errors="0" timestamp="2024-07-10T22:04:19 IST" skipped="0">
  <testcase classname="screenshots.SampleTestForScreenShot" name="amazonTest" time="18.992"/>
  <system-out/>
</testsuite> <!-- screenshots.SampleTestForScreenShot -->
