<?xml version="1.0" encoding="UTF-8"?>
<!-- Generated by org.testng.reporters.JUnitReportReporter -->
<testsuite hostname="TYSS-Sneha" failures="0" tests="1" name="jsonFile_DDT.CreateOrgTest_Json" time="11.972" errors="0" timestamp="26 Jun 2024 04:51:07 GMT" skipped="0">
  <testcase classname="jsonFile_DDT.CreateOrgTest_Json" name="createOrganization" time="11.972"/>
</testsuite> <!-- jsonFile_DDT.CreateOrgTest_Json -->
