<?xml version="1.0" encoding="UTF-8"?>
<!-- Generated by org.testng.reporters.JUnitReportReporter -->
<testsuite hostname="TYSS-Sneha" failures="0" tests="1" name="xmlFile_DDT.ReadDataFromTestNGXmlTest" time="0.010" errors="0" timestamp="26 Jun 2024 05:15:10 GMT" skipped="0">
  <testcase classname="xmlFile_DDT.ReadDataFromTestNGXmlTest" name="sampleTest" time="0.010"/>
</testsuite> <!-- xmlFile_DDT.ReadDataFromTestNGXmlTest -->
