<?xml version="1.0" encoding="UTF-8"?>
<!-- Generated by org.testng.reporters.JUnitReportReporter -->
<testsuite hostname="TYSS-Sneha" failures="0" tests="1" name="autoHealing.SampleTestWithPOM" time="4.276" errors="0" timestamp="2024-07-06T21:02:42 IST" skipped="0">
  <testcase classname="autoHealing.SampleTestWithPOM" name="sampleTest" time="4.276"/>
  <system-out/>
</testsuite> <!-- autoHealing.SampleTestWithPOM -->
