<?xml version="1.0" encoding="UTF-8"?>
<!-- Generated by org.testng.reporters.JUnitReportReporter -->
<testsuite hostname="TYSS-Sneha" failures="0" tests="3" name="programsUsingTestNg.ToWorkWithPriority" time="0.011" errors="0" timestamp="2024-07-06T21:51:27 IST" skipped="0">
  <testcase classname="programsUsingTestNg.ToWorkWithPriority" name="modifyContactTest" time="0.001"/>
  <system-out/>
  <testcase classname="programsUsingTestNg.ToWorkWithPriority" name="deleteContactTest" time="0.001"/>
  <system-out/>
  <testcase classname="programsUsingTestNg.ToWorkWithPriority" name="createContactTest" time="0.009"/>
  <system-out/>
</testsuite> <!-- programsUsingTestNg.ToWorkWithPriority -->
