<?xml version="1.0" encoding="UTF-8"?>
<!-- Generated by org.testng.reporters.JUnitReportReporter -->
<testsuite hostname="TYSS-Sneha" failures="0" tests="1" name="extentReports.SampleReportTest" time="10.319" errors="0" timestamp="2024-07-12T09:31:20 IST" skipped="0">
  <testcase classname="extentReports.SampleReportTest" name="createContactWithOrg" time="10.319"/>
  <system-out/>
</testsuite> <!-- extentReports.SampleReportTest -->
